<?xml version="1.0" encoding="UTF-8"?>
<testng-results skipped="0" failed="0" ignored="0" total="1" passed="1">
  <reporter-output>
  </reporter-output>
  <suite name="Default suite" duration-ms="60394" started-at="2019-09-11T14:03:36 IST" finished-at="2019-09-11T14:04:37 IST">
    <groups>
    </groups>
    <test name="Default test" duration-ms="60394" started-at="2019-09-11T14:03:36 IST" finished-at="2019-09-11T14:04:37 IST">
      <class name="Selenium.MavenScenary.FbTest">
        <test-method status="PASS" signature="beforeTest()[pri:0, instance:Selenium.MavenScenary.FbTest@28701274]" name="beforeTest" is-config="true" duration-ms="49882" started-at="2019-09-11T14:03:36 IST" finished-at="2019-09-11T14:04:26 IST">
          <reporter-output>
          </reporter-output>
        </test-method> <!-- beforeTest -->
        <test-method status="PASS" signature="f()[pri:0, instance:Selenium.MavenScenary.FbTest@28701274]" name="f" duration-ms="10432" started-at="2019-09-11T14:04:26 IST" finished-at="2019-09-11T14:04:37 IST">
          <reporter-output>
          </reporter-output>
        </test-method> <!-- f -->
      </class> <!-- Selenium.MavenScenary.FbTest -->
    </test> <!-- Default test -->
  </suite> <!-- Default suite -->
</testng-results>
